\BOOKMARK [0][-]{chapter.1}{\376\377\000T\000e\000c\000h\000n\000o\000l\000o\000g\000y}{}% 1
\BOOKMARK [0][-]{chapter.2}{\376\377\000P\000r\000o\000f\000i\000t\000\040\000M\000a\000x\000i\000m\000i\000z\000a\000t\000i\000o\000n}{}% 2
\BOOKMARK [0][-]{chapter.3}{\376\377\000P\000r\000o\000f\000i\000t\000\040\000F\000u\000n\000c\000t\000i\000o\000n}{}% 3
\BOOKMARK [0][-]{chapter.4}{\376\377\000C\000o\000s\000t\000\040\000M\000i\000n\000i\000m\000i\000z\000a\000t\000i\000o\000n}{}% 4
\BOOKMARK [0][-]{chapter.5}{\376\377\000C\000o\000s\000t\000\040\000F\000u\000n\000c\000t\000i\000o\000n}{}% 5
\BOOKMARK [0][-]{chapter.6}{\376\377\000D\000u\000a\000l\000i\000t\000y}{}% 6
\BOOKMARK [0][-]{chapter.7}{\376\377\000U\000t\000i\000l\000i\000t\000y\000\040\000M\000a\000x\000i\000m\000i\000z\000a\000t\000i\000o\000n}{}% 7
\BOOKMARK [1][-]{section.7.1}{\376\377\000C\000o\000n\000s\000u\000m\000e\000r\000\040\000P\000r\000e\000f\000e\000r\000e\000n\000c\000e\000s}{chapter.7}% 8
\BOOKMARK [1][-]{section.7.2}{\376\377\000C\000o\000n\000s\000u\000m\000e\000r\000\040\000B\000e\000h\000a\000v\000i\000o\000r}{chapter.7}% 9
\BOOKMARK [1][-]{section.7.3}{\376\377\000I\000n\000d\000i\000r\000e\000c\000t\000\040\000U\000t\000i\000l\000i\000t\000y}{chapter.7}% 10
\BOOKMARK [1][-]{section.7.4}{\376\377\000S\000o\000m\000e\000\040\000I\000m\000p\000o\000r\000t\000a\000n\000t\000\040\000I\000d\000e\000n\000t\000i\000t\000i\000e\000s}{chapter.7}% 11
\BOOKMARK [1][-]{section.7.5}{\376\377\000T\000h\000e\000\040\000M\000o\000n\000e\000y\000\040\000M\000e\000t\000r\000i\000c\000\040\000U\000t\000i\000l\000i\000t\000y\000\040\000F\000u\000n\000c\000t\000i\000o\000n}{chapter.7}% 12
\BOOKMARK [0][-]{chapter.8}{\376\377\000C\000h\000o\000i\000c\000e\000s}{}% 13
\BOOKMARK [1][-]{section.8.1}{\376\377\000C\000o\000m\000p\000a\000r\000a\000t\000i\000v\000e\000\040\000s\000t\000a\000t\000i\000c\000s}{chapter.8}% 14
\BOOKMARK [1][-]{section.8.2}{\376\377\000T\000h\000e\000\040\000S\000l\000u\000s\000k\000y\000\040\000e\000q\000u\000a\000t\000i\000o\000n}{chapter.8}% 15
\BOOKMARK [1][-]{section.8.3}{\376\377\000P\000r\000o\000p\000e\000r\000t\000i\000e\000s\000\040\000o\000f\000\040\000d\000e\000m\000a\000n\000d\000\040\000f\000u\000n\000c\000t\000i\000o\000n\000s}{chapter.8}% 16
\BOOKMARK [1][-]{section.8.4}{\376\377\000C\000o\000m\000p\000a\000r\000a\000t\000i\000v\000e\000\040\000s\000t\000a\000t\000i\000c\000s\000\040\000u\000s\000i\000n\000g\000\040\000t\000h\000e\000\040\000f\000i\000r\000s\000t\000\040\000o\000r\000d\000e\000r\000\040\000c\000o\000n\000d\000i\000t\000i\000o\000n}{chapter.8}% 17
\BOOKMARK [1][-]{section.8.5}{\376\377\000T\000h\000e\000\040\000i\000n\000t\000e\000g\000r\000a\000b\000i\000l\000i\000t\000y\000\040\000p\000r\000o\000b\000l\000e\000m}{chapter.8}% 18
\BOOKMARK [1][-]{section.8.6}{\376\377\000D\000u\000a\000l\000i\000t\000y\000\040\000i\000n\000\040\000c\000o\000n\000s\000u\000m\000p\000t\000i\000o\000n}{chapter.8}% 19
\BOOKMARK [1][-]{section.8.7}{}{chapter.8}% 20
\BOOKMARK [1][-]{section.8.8}{}{chapter.8}% 21
\BOOKMARK [1][-]{section.8.9}{\376\377\000C\000o\000m\000p\000a\000r\000a\000t\000i\000v\000e\000\040\000s\000t\000a\000t\000i\000c\000s\000\040\000u\000s\000i\000n\000g\000\040\000r\000e\000v\000e\000a\000l\000e\000d\000\040\000p\000r\000e\000f\000e\000r\000e\000n\000c\000e}{chapter.8}% 22
\BOOKMARK [1][-]{section.8.10}{}{chapter.8}% 23
\BOOKMARK [1][-]{section.8.11}{}{chapter.8}% 24
\BOOKMARK [0][-]{chapter.9}{\376\377\000D\000e\000m\000a\000n\000d}{}% 25
\BOOKMARK [1][-]{section.9.1}{\376\377\000E\000n\000d\000o\000w\000m\000e\000n\000t\000s\000\040\000i\000n\000\040\000t\000h\000e\000\040\000B\000u\000d\000g\000e\000t\000\040\000C\000o\000n\000s\000t\000r\000a\000i\000n\000t}{chapter.9}% 26
\BOOKMARK [1][-]{section.9.2}{\376\377\000H\000o\000m\000o\000t\000h\000e\000t\000i\000c\000\040\000U\000t\000i\000l\000i\000t\000y\000\040\000F\000u\000n\000c\000t\000i\000o\000n\000s}{chapter.9}% 27
\BOOKMARK [1][-]{section.9.3}{\376\377\000A\000g\000g\000r\000e\000g\000a\000t\000i\000n\000g\000\040\000A\000c\000r\000o\000s\000s\000\040\000G\000o\000o\000d\000s}{chapter.9}% 28
\BOOKMARK [1][-]{section.9.4}{\376\377\000A\000g\000g\000r\000e\000g\000a\000t\000i\000n\000g\000\040\000A\000c\000r\000o\000s\000s\000\040\000C\000o\000n\000s\000u\000m\000e\000r\000s}{chapter.9}% 29
\BOOKMARK [1][-]{section.9.5}{\376\377\000I\000n\000v\000e\000r\000s\000e\000\040\000d\000e\000m\000a\000n\000d\000\040\000f\000u\000n\000c\000t\000i\000o\000n\000s}{chapter.9}% 30
\BOOKMARK [1][-]{section.9.6}{\376\377\000C\000o\000n\000t\000i\000n\000u\000i\000t\000y\000\040\000o\000f\000\040\000d\000e\000m\000a\000n\000d\000\040\000f\000u\000n\000c\000t\000i\000o\000n\000s}{chapter.9}% 31
\BOOKMARK [0][-]{chapter.10}{\376\377\000c\000o\000n\000s\000u\000m\000e\000r\000'\000s\000\040\000S\000u\000r\000p\000l\000u\000s}{}% 32
\BOOKMARK [1][-]{section.10.1}{\376\377\000C\000o\000m\000p\000e\000n\000s\000a\000t\000i\000n\000g\000\040\000a\000n\000d\000\040\000E\000q\000u\000i\000v\000a\000l\000e\000n\000t\000\040\000V\000a\000r\000i\000a\000t\000i\000o\000n\000s}{chapter.10}% 33
\BOOKMARK [1][-]{section.10.2}{\376\377\000C\000o\000n\000s\000u\000m\000e\000r\000\040\000S\000u\000r\000p\000l\000u\000s}{chapter.10}% 34
\BOOKMARK [1][-]{section.10.3}{\376\377\000Q\000u\000a\000s\000i\000l\000i\000n\000e\000a\000r\000\040\000u\000t\000i\000l\000i\000t\000y}{chapter.10}% 35
\BOOKMARK [2][-]{subsection.10.3.1}{\376\377\000T\000w\000o\000\040\000g\000o\000o\000d\000s\000\040\000c\000a\000s\000e}{section.10.3}% 36
\BOOKMARK [0][-]{chapter.11}{\376\377\000E\000x\000a\000m\000p\000l\000e\000s}{}% 37
\BOOKMARK [1][-]{section.11.1}{\376\377\000T\000h\000e\000o\000r\000e\000m\000\040\000S\000y\000s\000t\000e\000m}{chapter.11}% 38
\BOOKMARK [1][-]{section.11.2}{\376\377\000P\000i\000c\000t\000u\000r\000e\000s}{chapter.11}% 39
